Using pre-set license
Built from '2020.2/release' branch; Version is '2020.2.2f1 (068178b99f32) revision 426360'; Using compiler version '192528614'; Build Type 'Release'
OS: 'Windows 10 Home; OS build 19042.928; Version 2009; 64bit' Language: 'pl' Physical Memory: 32722 MB
BatchMode: 1, IsHumanControllingUs: 0, StartBugReporterOnCrash: 0, Is64bit: 1, IsPro: 0

 COMMAND LINE ARGUMENTS:
C:\Program Files\Unity\Hub\Editor\2020.2.2f1\Editor\Unity.exe
-adb2
-batchMode
-noUpm
-name
AssetImportWorker0
-projectPath
A:/88mph
-logFile
Logs/AssetImportWorker0.log
-srvPort
61059
Successfully changed project path to: A:/88mph
A:/88mph
Using Asset Import Pipeline V2.
Refreshing native plugins compatible for Editor in 23.03 ms, found 0 plugins.
Preloading 0 native plugins for Editor in 0.00 ms.
Initialize engine version: 2020.2.2f1 (068178b99f32)
[Subsystems] Discovering subsystems at path C:/Program Files/Unity/Hub/Editor/2020.2.2f1/Editor/Data/Resources/UnitySubsystems
[Subsystems] Discovering subsystems at path A:/88mph/Assets
GfxDevice: creating device client; threaded=0
Direct3D:
    Version:  Direct3D 11.0 [level 11.1]
    Renderer: NVIDIA GeForce GTX 1060 6GB (ID=0x1c03)
    Vendor:   
    VRAM:     6052 MB
    Driver:   27.21.14.5709
Initialize mono
Mono path[0] = 'C:/Program Files/Unity/Hub/Editor/2020.2.2f1/Editor/Data/Managed'
Mono path[1] = 'C:/Program Files/Unity/Hub/Editor/2020.2.2f1/Editor/Data/MonoBleedingEdge/lib/mono/unityjit'
Mono config path = 'C:/Program Files/Unity/Hub/Editor/2020.2.2f1/Editor/Data/MonoBleedingEdge/etc'
Using monoOptions --debugger-agent=transport=dt_socket,embedding=1,server=y,suspend=n,address=127.0.0.1:56360
Begin MonoManager ReloadAssembly
Registering precompiled unity dll's ...
Register platform support module: C:/Program Files/Unity/Hub/Editor/2020.2.2f1/Editor/Data/PlaybackEngines/WindowsStandaloneSupport/UnityEditor.WindowsStandalone.Extensions.dll
Registered in 0.001761 seconds.
Native extension for WindowsStandalone target not found
Refreshing native plugins compatible for Editor in 25.18 ms, found 0 plugins.
Preloading 0 native plugins for Editor in 0.00 ms.
Invoked RoslynAnalysisRunner static constructor.
RoslynAnalysisRunner will not be running.
RoslynAnalysisRunner has terminated.
Mono: successfully reloaded assembly
- Completed reload, in  0.856 seconds
Platform modules already initialized, skipping
Registering precompiled user dll's ...
Registered in 0.001980 seconds.
Begin MonoManager ReloadAssembly
Native extension for WindowsStandalone target not found
Refreshing native plugins compatible for Editor in 0.26 ms, found 0 plugins.
Preloading 0 native plugins for Editor in 0.00 ms.
Invoked RoslynAnalysisRunner static constructor.
RoslynAnalysisRunner will not be running.
RoslynAnalysisRunner has terminated.
Mono: successfully reloaded assembly
- Completed reload, in  0.757 seconds
Platform modules already initialized, skipping
========================================================================
Worker process is ready to serve import requests
Launched and connected shader compiler UnityShaderCompiler.exe after 0.04 seconds
Refreshing native plugins compatible for Editor in 0.26 ms, found 0 plugins.
Preloading 0 native plugins for Editor in 0.00 ms.
Unloading 1209 Unused Serialized files (Serialized files now loaded: 0)
System memory in use before: 62.7 MB.
System memory in use after: 62.8 MB.

Unloading 17 unused Assets to reduce memory usage. Loaded Objects now: 1685.
Total: 1.805100 ms (FindLiveObjects: 0.149900 ms CreateObjectMapping: 0.047300 ms MarkObjects: 1.529300 ms  DeleteObjects: 0.077600 ms)

========================================================================
Received Import Request.
  path: Assets/Scenes/CityLevel1.unity
  artifactKey: Guid(3a80bb7e3883f914fa08c25cde217751) Importer(815301076,1909f56bfc062723c751e8b465ee728b)
Start importing Assets/Scenes/CityLevel1.unity using Guid(3a80bb7e3883f914fa08c25cde217751) Importer(815301076,1909f56bfc062723c751e8b465ee728b)  -> (artifact id: 'dab0cf9f2e7fa6370874be09e1d72486') in 0.012520 seconds
  Import took 0.014264 seconds .

========================================================================
Received Import Request.
  Time since last request: 0.000227 seconds.
  path: Assets/Scenes
  artifactKey: Guid(4dff902090c5d594da23b2b131bbef19) Importer(815301076,1909f56bfc062723c751e8b465ee728b)
Start importing Assets/Scenes using Guid(4dff902090c5d594da23b2b131bbef19) Importer(815301076,1909f56bfc062723c751e8b465ee728b)  -> (artifact id: 'b69cb9819a0ae95fe718a360e7c8d3d8') in 0.004520 seconds
  Import took 0.006042 seconds .

========================================================================
Received Import Request.
  Time since last request: 0.012562 seconds.
  path: Assets/Scenes/CityLevel1.unity
  artifactKey: Guid(3a80bb7e3883f914fa08c25cde217751) Importer(815301076,1909f56bfc062723c751e8b465ee728b)
Start importing Assets/Scenes/CityLevel1.unity using Guid(3a80bb7e3883f914fa08c25cde217751) Importer(815301076,1909f56bfc062723c751e8b465ee728b)  -> (artifact id: 'dab0cf9f2e7fa6370874be09e1d72486') in 0.001514 seconds
  Import took 0.003168 seconds .

========================================================================
Received Prepare
Registering precompiled user dll's ...
Registered in 0.002077 seconds.
Begin MonoManager ReloadAssembly
Native extension for WindowsStandalone target not found
Refreshing native plugins compatible for Editor in 0.26 ms, found 0 plugins.
Preloading 0 native plugins for Editor in 0.00 ms.
Invoked RoslynAnalysisRunner static constructor.
RoslynAnalysisRunner will not be running.
RoslynAnalysisRunner has terminated.
Mono: successfully reloaded assembly
- Completed reload, in  0.871 seconds
Platform modules already initialized, skipping
Refreshing native plugins compatible for Editor in 0.35 ms, found 0 plugins.
Preloading 0 native plugins for Editor in 0.00 ms.
Unloading 1207 Unused Serialized files (Serialized files now loaded: 0)
System memory in use before: 62.5 MB.
System memory in use after: 62.6 MB.

Unloading 11 unused Assets to reduce memory usage. Loaded Objects now: 1706.
Total: 1.922800 ms (FindLiveObjects: 0.184600 ms CreateObjectMapping: 0.071500 ms MarkObjects: 1.603300 ms  DeleteObjects: 0.062100 ms)

========================================================================
Received Prepare
Registering precompiled user dll's ...
Registered in 0.001770 seconds.
Begin MonoManager ReloadAssembly
Native extension for WindowsStandalone target not found
Refreshing native plugins compatible for Editor in 0.22 ms, found 0 plugins.
Preloading 0 native plugins for Editor in 0.00 ms.
Invoked RoslynAnalysisRunner static constructor.
RoslynAnalysisRunner will not be running.
RoslynAnalysisRunner has terminated.
Mono: successfully reloaded assembly
- Completed reload, in  0.717 seconds
Platform modules already initialized, skipping
Refreshing native plugins compatible for Editor in 0.22 ms, found 0 plugins.
Preloading 0 native plugins for Editor in 0.00 ms.
Unloading 864 Unused Serialized files (Serialized files now loaded: 0)
System memory in use before: 55.6 MB.
System memory in use after: 55.7 MB.

Unloading 81 unused Assets to reduce memory usage. Loaded Objects now: 1638.
Total: 1.702700 ms (FindLiveObjects: 0.158000 ms CreateObjectMapping: 0.035300 ms MarkObjects: 1.432200 ms  DeleteObjects: 0.076400 ms)

========================================================================
Received Prepare
Registering precompiled user dll's ...
Registered in 0.001721 seconds.
Begin MonoManager ReloadAssembly
Native extension for WindowsStandalone target not found
Refreshing native plugins compatible for Editor in 0.41 ms, found 0 plugins.
Preloading 0 native plugins for Editor in 0.00 ms.
Invoked RoslynAnalysisRunner static constructor.
RoslynAnalysisRunner will not be running.
RoslynAnalysisRunner has terminated.
Mono: successfully reloaded assembly
- Completed reload, in  0.701 seconds
Platform modules already initialized, skipping
Refreshing native plugins compatible for Editor in 0.20 ms, found 0 plugins.
Preloading 0 native plugins for Editor in 0.00 ms.
Unloading 746 Unused Serialized files (Serialized files now loaded: 0)
System memory in use before: 53.1 MB.
System memory in use after: 53.2 MB.

Unloading 11 unused Assets to reduce memory usage. Loaded Objects now: 1640.
Total: 1.601600 ms (FindLiveObjects: 0.156900 ms CreateObjectMapping: 0.032600 ms MarkObjects: 1.367400 ms  DeleteObjects: 0.044100 ms)

========================================================================
Received Prepare
Registering precompiled user dll's ...
Registered in 0.001844 seconds.
Begin MonoManager ReloadAssembly
Native extension for WindowsStandalone target not found
Refreshing native plugins compatible for Editor in 0.20 ms, found 0 plugins.
Preloading 0 native plugins for Editor in 0.00 ms.
Invoked RoslynAnalysisRunner static constructor.
RoslynAnalysisRunner will not be running.
RoslynAnalysisRunner has terminated.
Mono: successfully reloaded assembly
- Completed reload, in  0.680 seconds
Platform modules already initialized, skipping
Refreshing native plugins compatible for Editor in 0.19 ms, found 0 plugins.
Preloading 0 native plugins for Editor in 0.00 ms.
Unloading 747 Unused Serialized files (Serialized files now loaded: 0)
System memory in use before: 53.3 MB.
System memory in use after: 53.4 MB.

Unloading 11 unused Assets to reduce memory usage. Loaded Objects now: 1643.
Total: 1.620100 ms (FindLiveObjects: 0.159800 ms CreateObjectMapping: 0.038300 ms MarkObjects: 1.375000 ms  DeleteObjects: 0.046200 ms)

========================================================================
Received Prepare
Registering precompiled user dll's ...
Registered in 0.001917 seconds.
Begin MonoManager ReloadAssembly
Native extension for WindowsStandalone target not found
Refreshing native plugins compatible for Editor in 0.21 ms, found 0 plugins.
Preloading 0 native plugins for Editor in 0.00 ms.
Invoked RoslynAnalysisRunner static constructor.
RoslynAnalysisRunner will not be running.
RoslynAnalysisRunner has terminated.
Mono: successfully reloaded assembly
- Completed reload, in  0.677 seconds
Platform modules already initialized, skipping
Refreshing native plugins compatible for Editor in 0.20 ms, found 0 plugins.
Preloading 0 native plugins for Editor in 0.00 ms.
Unloading 757 Unused Serialized files (Serialized files now loaded: 0)
System memory in use before: 53.6 MB.
System memory in use after: 53.7 MB.

Unloading 11 unused Assets to reduce memory usage. Loaded Objects now: 1656.
Total: 1.932600 ms (FindLiveObjects: 0.180500 ms CreateObjectMapping: 0.049700 ms MarkObjects: 1.632900 ms  DeleteObjects: 0.068600 ms)

========================================================================
Received Import Request.
  Time since last request: 590.941934 seconds.
  path: Assets/Scenes/CityLevel1
  artifactKey: Guid(b9165452c3400834a89b3c5c6270703c) Importer(815301076,1909f56bfc062723c751e8b465ee728b)
Start importing Assets/Scenes/CityLevel1 using Guid(b9165452c3400834a89b3c5c6270703c) Importer(815301076,1909f56bfc062723c751e8b465ee728b)  -> (artifact id: 'ac25bd0ea4d0a66fd195893aac53e3d4') in 0.007406 seconds
  Import took 0.009918 seconds .

========================================================================
Received Import Request.
  Time since last request: 0.001812 seconds.
  path: Assets/Scenes/CityLevel1
  artifactKey: Guid(b9165452c3400834a89b3c5c6270703c) Importer(815301076,1909f56bfc062723c751e8b465ee728b)
Start importing Assets/Scenes/CityLevel1 using Guid(b9165452c3400834a89b3c5c6270703c) Importer(815301076,1909f56bfc062723c751e8b465ee728b)  -> (artifact id: 'ac25bd0ea4d0a66fd195893aac53e3d4') in 0.001562 seconds
  Import took 0.003842 seconds .

========================================================================
Received Import Request.
  Time since last request: 0.044274 seconds.
  path: Assets/Scenes/CityLevel1/LightingData.asset
  artifactKey: Guid(b2c2a0dd52e43ca44b9847ff0a165c77) Importer(815301076,1909f56bfc062723c751e8b465ee728b)
Start importing Assets/Scenes/CityLevel1/LightingData.asset using Guid(b2c2a0dd52e43ca44b9847ff0a165c77) Importer(815301076,1909f56bfc062723c751e8b465ee728b) Lighting data asset ‘LightingData’ is incompatible with the current Unity version. Please use Generate Lighting to rebuild the lighting data.  Realtime Global Illumination cannot be used until the lighting data is rebuilt.

 -> (artifact id: 'cad542d6e5d5965c28368ec93b290c24') in 0.026405 seconds
  Import took 0.028064 seconds .

========================================================================
Received Import Request.
  Time since last request: 0.000240 seconds.
  path: Assets/Scenes/CityLevel1/ReflectionProbe-0.exr
  artifactKey: Guid(cbf02888f8cf4314fba4c3df33ad08b7) Importer(815301076,1909f56bfc062723c751e8b465ee728b)
Start importing Assets/Scenes/CityLevel1/ReflectionProbe-0.exr using Guid(cbf02888f8cf4314fba4c3df33ad08b7) Importer(815301076,1909f56bfc062723c751e8b465ee728b)  -> (artifact id: '3734d32afcf3b16587b0020e88b057c2') in 0.071011 seconds
  Import took 0.072609 seconds .

========================================================================
Received Import Request.
  Time since last request: 2.994233 seconds.
  path: Assets/Scenes/LoopLevel1
  artifactKey: Guid(d0c84aace6045a64da1362219e7ad80d) Importer(815301076,1909f56bfc062723c751e8b465ee728b)
Start importing Assets/Scenes/LoopLevel1 using Guid(d0c84aace6045a64da1362219e7ad80d) Importer(815301076,1909f56bfc062723c751e8b465ee728b)  -> (artifact id: 'a0a0a1468c592d7531090df83a39a226') in 0.004598 seconds
  Import took 0.006480 seconds .

========================================================================
Received Import Request.
  Time since last request: 0.113089 seconds.
  path: Assets/Scenes/LoopLevel1/LightingData.asset
  artifactKey: Guid(133b4ad1c657b3d47b8122bcd386d33b) Importer(815301076,1909f56bfc062723c751e8b465ee728b)
Start importing Assets/Scenes/LoopLevel1/LightingData.asset using Guid(133b4ad1c657b3d47b8122bcd386d33b) Importer(815301076,1909f56bfc062723c751e8b465ee728b) Lighting data asset ‘LightingData’ is incompatible with the current Unity version. Please use Generate Lighting to rebuild the lighting data.  Realtime Global Illumination cannot be used until the lighting data is rebuilt.

 -> (artifact id: 'c3dcb7a30b56debd88e9b0769f6d099a') in 0.001805 seconds
  Import took 0.003487 seconds .

========================================================================
Received Import Request.
  Time since last request: 0.000251 seconds.
  path: Assets/Scenes/LoopLevel1/ReflectionProbe-0.exr
  artifactKey: Guid(33ee51b8e5329b84f842f2c1d23cd74a) Importer(815301076,1909f56bfc062723c751e8b465ee728b)
Start importing Assets/Scenes/LoopLevel1/ReflectionProbe-0.exr using Guid(33ee51b8e5329b84f842f2c1d23cd74a) Importer(815301076,1909f56bfc062723c751e8b465ee728b)  -> (artifact id: 'd596cf508122e307826aeb49c3a8fea2') in 0.010082 seconds
  Import took 0.011810 seconds .

========================================================================
Received Import Request.
  Time since last request: 4.697853 seconds.
  path: Assets/_TerrainAutoUpgrade
  artifactKey: Guid(49c7e2eed01a3434ab46f9c1a4d70788) Importer(815301076,1909f56bfc062723c751e8b465ee728b)
Start importing Assets/_TerrainAutoUpgrade using Guid(49c7e2eed01a3434ab46f9c1a4d70788) Importer(815301076,1909f56bfc062723c751e8b465ee728b)  -> (artifact id: '1ada3877cd2249984597fd447ff379f8') in 0.004709 seconds
  Import took 0.006570 seconds .

========================================================================
Received Import Request.
  Time since last request: 0.000469 seconds.
  path: Assets/_TerrainAutoUpgrade
  artifactKey: Guid(49c7e2eed01a3434ab46f9c1a4d70788) Importer(815301076,1909f56bfc062723c751e8b465ee728b)
Start importing Assets/_TerrainAutoUpgrade using Guid(49c7e2eed01a3434ab46f9c1a4d70788) Importer(815301076,1909f56bfc062723c751e8b465ee728b)  -> (artifact id: '1ada3877cd2249984597fd447ff379f8') in 0.001478 seconds
  Import took 0.002952 seconds .

========================================================================
Received Import Request.
  Time since last request: 4.238738 seconds.
  path: Assets/ProCore/ProBuilder/Icons/Toolbar/AltButton_Hover.png
  artifactKey: Guid(d5ebd4670263b1947b3d63b25895c2e5) Importer(815301076,1909f56bfc062723c751e8b465ee728b)
Start importing Assets/ProCore/ProBuilder/Icons/Toolbar/AltButton_Hover.png using Guid(d5ebd4670263b1947b3d63b25895c2e5) Importer(815301076,1909f56bfc062723c751e8b465ee728b)  -> (artifact id: 'c06eaffd63dd9fbae642c3e6c17102d3') in 0.039149 seconds
  Import took 0.041024 seconds .

========================================================================
Received Import Request.
  Time since last request: 0.000246 seconds.
  path: Assets/ProCore/ProBuilder/Icons/Toolbar/Button_Pressed.png
  artifactKey: Guid(7d9e370656e2cf04e932c1456cb80aec) Importer(815301076,1909f56bfc062723c751e8b465ee728b)
Start importing Assets/ProCore/ProBuilder/Icons/Toolbar/Button_Pressed.png using Guid(7d9e370656e2cf04e932c1456cb80aec) Importer(815301076,1909f56bfc062723c751e8b465ee728b)  -> (artifact id: 'a1f4fc85bd37faeb2a2d4e16134284bd') in 0.006034 seconds
  Import took 0.008153 seconds .

========================================================================
Received Import Request.
  Time since last request: 0.000208 seconds.
  path: Assets/Unity Vehicle Tools/Materials/Vehicles/CarMetal.mat
  artifactKey: Guid(ba620eb5f835d4b4bbb1e0abd3e43b2e) Importer(815301076,1909f56bfc062723c751e8b465ee728b)
Start importing Assets/Unity Vehicle Tools/Materials/Vehicles/CarMetal.mat using Guid(ba620eb5f835d4b4bbb1e0abd3e43b2e) Importer(815301076,1909f56bfc062723c751e8b465ee728b)  -> (artifact id: 'd741a6b4254163da65c28efd37f11c48') in 0.192794 seconds
  Import took 0.194434 seconds .

========================================================================
Received Import Request.
  Time since last request: 0.000193 seconds.
  path: Assets/Prefabs/Models/DelolanWheelFrontLeft.prefab
  artifactKey: Guid(962eaa0a67f870e47bfad44cfb1d9293) Importer(815301076,1909f56bfc062723c751e8b465ee728b)
Start importing Assets/Prefabs/Models/DelolanWheelFrontLeft.prefab using Guid(962eaa0a67f870e47bfad44cfb1d9293) Importer(815301076,1909f56bfc062723c751e8b465ee728b)  -> (artifact id: '39dd6fba2fa2ed3dee323f32287cdd22') in 0.178849 seconds
  Import took 0.180478 seconds .

========================================================================
Received Import Request.
  Time since last request: 0.000221 seconds.
  path: Assets/Models/delolan.FBX
  artifactKey: Guid(c85d91fc357c5644c9f974c430e60177) Importer(815301076,1909f56bfc062723c751e8b465ee728b)
Start importing Assets/Models/delolan.FBX using Guid(c85d91fc357c5644c9f974c430e60177) Importer(815301076,1909f56bfc062723c751e8b465ee728b)  -> (artifact id: '9e98faa040696b65909e02f2c2c3d53d') in 0.119797 seconds
  Import took 0.121589 seconds .

========================================================================
Received Import Request.
  Time since last request: 0.000236 seconds.
  path: Assets/Prefabs/Models/DelolanWheelFrontRight.prefab
  artifactKey: Guid(078ef8e55c4bb1b4a8a68a590f39d1a3) Importer(815301076,1909f56bfc062723c751e8b465ee728b)
Start importing Assets/Prefabs/Models/DelolanWheelFrontRight.prefab using Guid(078ef8e55c4bb1b4a8a68a590f39d1a3) Importer(815301076,1909f56bfc062723c751e8b465ee728b)  -> (artifact id: 'e64248ef7f72dd13d1992fd8ed5b91b0') in 0.008105 seconds
  Import took 0.009784 seconds .

========================================================================
Received Import Request.
  Time since last request: 0.000257 seconds.
  path: Assets/Unity Vehicle Tools/Textures/Environment/ConcreteAlbedo.tif
  artifactKey: Guid(9c8963b9c31f3284eb03c79760fc23e5) Importer(815301076,1909f56bfc062723c751e8b465ee728b)
Start importing Assets/Unity Vehicle Tools/Textures/Environment/ConcreteAlbedo.tif using Guid(9c8963b9c31f3284eb03c79760fc23e5) Importer(815301076,1909f56bfc062723c751e8b465ee728b)  -> (artifact id: '23f3be717572dab922e97ff3e27c6527') in 0.013037 seconds
  Import took 0.014685 seconds .

========================================================================
Received Import Request.
  Time since last request: 0.000265 seconds.
  path: Assets/Prefabs/Models/DelolanWheelBackLeft.prefab
  artifactKey: Guid(762b22fa32c97f8498ee40f3806b6571) Importer(815301076,1909f56bfc062723c751e8b465ee728b)
Start importing Assets/Prefabs/Models/DelolanWheelBackLeft.prefab using Guid(762b22fa32c97f8498ee40f3806b6571) Importer(815301076,1909f56bfc062723c751e8b465ee728b)  -> (artifact id: 'ee9d96a99745f5891d585335eef5cb83') in 0.007938 seconds
  Import took 0.009642 seconds .

========================================================================
Received Import Request.
  Time since last request: 0.000209 seconds.
  path: Assets/Unity Vehicle Tools/Materials/Vehicles/CarPaint.mat
  artifactKey: Guid(5e5aaa0ee9a4ed240a3c38a87943b618) Importer(815301076,1909f56bfc062723c751e8b465ee728b)
Start importing Assets/Unity Vehicle Tools/Materials/Vehicles/CarPaint.mat using Guid(5e5aaa0ee9a4ed240a3c38a87943b618) Importer(815301076,1909f56bfc062723c751e8b465ee728b)  -> (artifact id: '0148d7eaf14d8a287d077a7630cfb9a4') in 0.008067 seconds
  Import took 0.009980 seconds .

========================================================================
Received Import Request.
  Time since last request: 0.000264 seconds.
  path: Assets/Models/Materials/BowlMat.mat
  artifactKey: Guid(1a669e361852b5a49b6e8b82bf6a95f8) Importer(815301076,1909f56bfc062723c751e8b465ee728b)
Start importing Assets/Models/Materials/BowlMat.mat using Guid(1a669e361852b5a49b6e8b82bf6a95f8) Importer(815301076,1909f56bfc062723c751e8b465ee728b)  -> (artifact id: 'e85631922be7a9f5a19a789d254c9edd') in 0.009073 seconds
  Import took 0.010852 seconds .

========================================================================
Received Import Request.
  Time since last request: 0.000256 seconds.
  path: Assets/ProCore/ProBuilder/Data/Default Material Palette.asset
  artifactKey: Guid(25e539064c7d88348bd6ba56fa44755a) Importer(815301076,1909f56bfc062723c751e8b465ee728b)
Start importing Assets/ProCore/ProBuilder/Data/Default Material Palette.asset using Guid(25e539064c7d88348bd6ba56fa44755a) Importer(815301076,1909f56bfc062723c751e8b465ee728b)  -> (artifact id: '7cab52187532403e15c16dce20a4e542') in 0.005221 seconds
  Import took 0.006876 seconds .

========================================================================
Received Import Request.
  Time since last request: 0.000290 seconds.
  path: Assets/ProCore/ProBuilder/Icons/Toolbar/AltButton_Normal.png
  artifactKey: Guid(1d1d500ed2091404cbc2e3639a1a73f3) Importer(815301076,1909f56bfc062723c751e8b465ee728b)
Start importing Assets/ProCore/ProBuilder/Icons/Toolbar/AltButton_Normal.png using Guid(1d1d500ed2091404cbc2e3639a1a73f3) Importer(815301076,1909f56bfc062723c751e8b465ee728b)  -> (artifact id: '69b0527b55acf06d31e05e6fbcc63f47') in 0.007163 seconds
  Import took 0.009024 seconds .

========================================================================
Received Import Request.
  Time since last request: 0.000247 seconds.
  path: Assets/ProCore/ProBuilder/Resources/Materials/Default_Prototype.mat
  artifactKey: Guid(55296d1b6ee54e14e8eb4648d4b448ee) Importer(815301076,1909f56bfc062723c751e8b465ee728b)
Start importing Assets/ProCore/ProBuilder/Resources/Materials/Default_Prototype.mat using Guid(55296d1b6ee54e14e8eb4648d4b448ee) Importer(815301076,1909f56bfc062723c751e8b465ee728b)  -> (artifact id: '1a7ce394f3bdce830a444d4bb4929bee') in 0.064426 seconds
  Import took 0.066011 seconds .

========================================================================
Received Import Request.
  Time since last request: 0.000219 seconds.
  path: Assets/Unity Vehicle Tools/Textures/Environment/ConcreteNormal.tif
  artifactKey: Guid(9cbb6966dc5b39e49af798042f5f8635) Importer(815301076,1909f56bfc062723c751e8b465ee728b)
Start importing Assets/Unity Vehicle Tools/Textures/Environment/ConcreteNormal.tif using Guid(9cbb6966dc5b39e49af798042f5f8635) Importer(815301076,1909f56bfc062723c751e8b465ee728b)  -> (artifact id: 'c12108abfe4e3449d73bc9c9adf4e697') in 0.008933 seconds
  Import took 0.010667 seconds .

========================================================================
Received Import Request.
  Time since last request: 0.000225 seconds.
  path: Assets/Unity Vehicle Tools/Materials/Environment/Concrete.mat
  artifactKey: Guid(3e4ae3ba4ee47a24db55665140d0962d) Importer(815301076,1909f56bfc062723c751e8b465ee728b)
Start importing Assets/Unity Vehicle Tools/Materials/Environment/Concrete.mat using Guid(3e4ae3ba4ee47a24db55665140d0962d) Importer(815301076,1909f56bfc062723c751e8b465ee728b)  -> (artifact id: '4f7eb9bb3dd686978565d53a9ec62244') in 0.189912 seconds
  Import took 0.191553 seconds .

========================================================================
Received Import Request.
  Time since last request: 0.000245 seconds.
  path: Assets/ProCore/ProBuilder/Icons/Toolbar/Button_Normal_Horizontal.png
  artifactKey: Guid(9d5fa58e33ae8e94486b9de6a44165da) Importer(815301076,1909f56bfc062723c751e8b465ee728b)
Start importing Assets/ProCore/ProBuilder/Icons/Toolbar/Button_Normal_Horizontal.png using Guid(9d5fa58e33ae8e94486b9de6a44165da) Importer(815301076,1909f56bfc062723c751e8b465ee728b)  -> (artifact id: 'd413029fcd4ffca1cd47d0e533fb3555') in 0.005567 seconds
  Import took 0.007221 seconds .

========================================================================
Received Import Request.
  Time since last request: 0.000259 seconds.
  path: Assets/Unity Vehicle Tools/Materials/Environment/Dirt.mat
  artifactKey: Guid(03b4eec34e151364abcbbaa2b10de46d) Importer(815301076,1909f56bfc062723c751e8b465ee728b)
Start importing Assets/Unity Vehicle Tools/Materials/Environment/Dirt.mat using Guid(03b4eec34e151364abcbbaa2b10de46d) Importer(815301076,1909f56bfc062723c751e8b465ee728b)  -> (artifact id: 'b7f1bed3c602d05d5775ee7aa2d77760') in 0.011723 seconds
  Import took 0.013369 seconds .

========================================================================
Received Import Request.
  Time since last request: 0.000241 seconds.
  path: Assets/ProCore/ProBuilder/Icons/Toolbar/Button_Hover_Horizontal.png
  artifactKey: Guid(245bdc6066c6a7a489c5756b980439f3) Importer(815301076,1909f56bfc062723c751e8b465ee728b)
Start importing Assets/ProCore/ProBuilder/Icons/Toolbar/Button_Hover_Horizontal.png using Guid(245bdc6066c6a7a489c5756b980439f3) Importer(815301076,1909f56bfc062723c751e8b465ee728b)  -> (artifact id: 'cf2b551dddcb0e00e5824eacac97cf11') in 0.006655 seconds
  Import took 0.008427 seconds .

========================================================================
Received Import Request.
  Time since last request: 0.000312 seconds.
  path: Assets/ProCore/ProBuilder/Icons/Toolbar/Button_Pressed_Horizontal.png
  artifactKey: Guid(9fe061dc82438d04c936b90f74dd5050) Importer(815301076,1909f56bfc062723c751e8b465ee728b)
Start importing Assets/ProCore/ProBuilder/Icons/Toolbar/Button_Pressed_Horizontal.png using Guid(9fe061dc82438d04c936b90f74dd5050) Importer(815301076,1909f56bfc062723c751e8b465ee728b)  -> (artifact id: '4654ea93dcd74c64709574152d2cb907') in 0.006230 seconds
  Import took 0.008118 seconds .

========================================================================
Received Import Request.
  Time since last request: 0.000211 seconds.
  path: Assets/Unity Vehicle Tools/Fonts/DefaultFont.ttf
  artifactKey: Guid(291f88cfa4a3eda44bc6bf45a805439a) Importer(815301076,1909f56bfc062723c751e8b465ee728b)
Start importing Assets/Unity Vehicle Tools/Fonts/DefaultFont.ttf using Guid(291f88cfa4a3eda44bc6bf45a805439a) Importer(815301076,1909f56bfc062723c751e8b465ee728b)  -> (artifact id: '143b51d55bfe8ee7a69587a13cac15d3') in 0.017199 seconds
  Import took 0.019013 seconds .

========================================================================
Received Import Request.
  Time since last request: 0.000317 seconds.
  path: Assets/Prefabs/Destroyable/DestroyableFragment.prefab
  artifactKey: Guid(cc3394afcfbdab54b937462222d6e82f) Importer(815301076,1909f56bfc062723c751e8b465ee728b)
Start importing Assets/Prefabs/Destroyable/DestroyableFragment.prefab using Guid(cc3394afcfbdab54b937462222d6e82f) Importer(815301076,1909f56bfc062723c751e8b465ee728b)  -> (artifact id: '6e218dbf91615eb7cef33f2c3f537a9d') in 0.009743 seconds
  Import took 0.012587 seconds .

========================================================================
Received Import Request.
  Time since last request: 0.000252 seconds.
  path: Assets/Unity Vehicle Tools/Materials/Vehicles/BrakeLights.mat
  artifactKey: Guid(cba7ffb2df24eee4cbcbeab2a67bc35d) Importer(815301076,1909f56bfc062723c751e8b465ee728b)
Start importing Assets/Unity Vehicle Tools/Materials/Vehicles/BrakeLights.mat using Guid(cba7ffb2df24eee4cbcbeab2a67bc35d) Importer(815301076,1909f56bfc062723c751e8b465ee728b)  -> (artifact id: '89763054d349c0d744c37090457e1128') in 0.009636 seconds
  Import took 0.011348 seconds .

========================================================================
Received Import Request.
  Time since last request: 0.000214 seconds.
  path: Assets/ProCore/ProBuilder/Icons/UVEditor/camera-64x64_Light.png
  artifactKey: Guid(9d8ea190d618f6f46bda9c6128664649) Importer(815301076,1909f56bfc062723c751e8b465ee728b)
Start importing Assets/ProCore/ProBuilder/Icons/UVEditor/camera-64x64_Light.png using Guid(9d8ea190d618f6f46bda9c6128664649) Importer(815301076,1909f56bfc062723c751e8b465ee728b)  -> (artifact id: '9b716755c06ba98a78010ceb4e942ad9') in 0.006846 seconds
  Import took 0.008401 seconds .

========================================================================
Received Import Request.
  Time since last request: 0.000241 seconds.
  path: Assets/Unity Vehicle Tools/Scenes/TestTrack/TestTrackterrain.asset
  artifactKey: Guid(7becf51bf324a4350b1b56aeac1d1f45) Importer(815301076,1909f56bfc062723c751e8b465ee728b)
Start importing Assets/Unity Vehicle Tools/Scenes/TestTrack/TestTrackterrain.asset using Guid(7becf51bf324a4350b1b56aeac1d1f45) Importer(815301076,1909f56bfc062723c751e8b465ee728b)  -> (artifact id: '1fcf85d66726af4521ce2255ed9f012c') in 0.118017 seconds
  Import took 0.119780 seconds .

========================================================================
Received Import Request.
  Time since last request: 0.000206 seconds.
  path: Assets/Materials/CarMat.mat
  artifactKey: Guid(562002cce3ea68c4690a36b4ba49bfd0) Importer(815301076,1909f56bfc062723c751e8b465ee728b)
Start importing Assets/Materials/CarMat.mat using Guid(562002cce3ea68c4690a36b4ba49bfd0) Importer(815301076,1909f56bfc062723c751e8b465ee728b)  -> (artifact id: '0e619af60326a066d6acb0af04ba5323') in 0.008059 seconds
  Import took 0.009635 seconds .

========================================================================
Received Import Request.
  Time since last request: 0.000147 seconds.
  path: Assets/ProCore/ProBuilder/Icons/Toolbar/AltButton_Pressed.png
  artifactKey: Guid(3b236e7896bc66940a225c1955ee25c1) Importer(815301076,1909f56bfc062723c751e8b465ee728b)
Start importing Assets/ProCore/ProBuilder/Icons/Toolbar/AltButton_Pressed.png using Guid(3b236e7896bc66940a225c1955ee25c1) Importer(815301076,1909f56bfc062723c751e8b465ee728b)  -> (artifact id: 'f9f3864f6b2b2705275296cf67aeaecb') in 0.006001 seconds
  Import took 0.007614 seconds .

========================================================================
Received Import Request.
  Time since last request: 0.000290 seconds.
  path: Assets/Prefabs/Models/DelolanWheelBackRight.prefab
  artifactKey: Guid(9b68cddb8d740d64abd3cfca56440b8d) Importer(815301076,1909f56bfc062723c751e8b465ee728b)
Start importing Assets/Prefabs/Models/DelolanWheelBackRight.prefab using Guid(9b68cddb8d740d64abd3cfca56440b8d) Importer(815301076,1909f56bfc062723c751e8b465ee728b)  -> (artifact id: '8df2443a987c9e0015db71f33e34872b') in 0.007956 seconds
  Import took 0.009582 seconds .

========================================================================
Received Import Request.
  Time since last request: 0.000238 seconds.
  path: Assets/ProCore/ProBuilder/Icons/Toolbar/Edge_Bevel_Light.png
  artifactKey: Guid(2492d9184d327734ebed1852fb785da4) Importer(815301076,1909f56bfc062723c751e8b465ee728b)
Start importing Assets/ProCore/ProBuilder/Icons/Toolbar/Edge_Bevel_Light.png using Guid(2492d9184d327734ebed1852fb785da4) Importer(815301076,1909f56bfc062723c751e8b465ee728b)  -> (artifact id: 'ff28b5bb29a5774e52ecd8c915e168e0') in 0.006649 seconds
  Import took 0.008311 seconds .

========================================================================
Received Import Request.
  Time since last request: 0.000257 seconds.
  path: Assets/Unity Vehicle Tools/Textures/Environment/DirtNormal.tif
  artifactKey: Guid(a1bfba6d440f3a74db05157d811e2116) Importer(815301076,1909f56bfc062723c751e8b465ee728b)
Start importing Assets/Unity Vehicle Tools/Textures/Environment/DirtNormal.tif using Guid(a1bfba6d440f3a74db05157d811e2116) Importer(815301076,1909f56bfc062723c751e8b465ee728b)  -> (artifact id: '872402b1ddf67be63509b3b456f500b6') in 0.008446 seconds
  Import took 0.010085 seconds .

========================================================================
Received Import Request.
  Time since last request: 0.000252 seconds.
  path: Assets/ProCore/ProBuilder/Icons/Toolbar/Button_Hover.png
  artifactKey: Guid(d6711d235d4de6e4582b9b9b5efee854) Importer(815301076,1909f56bfc062723c751e8b465ee728b)
Start importing Assets/ProCore/ProBuilder/Icons/Toolbar/Button_Hover.png using Guid(d6711d235d4de6e4582b9b9b5efee854) Importer(815301076,1909f56bfc062723c751e8b465ee728b)  -> (artifact id: 'd35310a8f54a76bd9d34b9ba929e6e1a') in 0.007827 seconds
  Import took 0.009504 seconds .

========================================================================
Received Import Request.
  Time since last request: 0.000227 seconds.
  path: Assets/Unity Vehicle Tools/Textures/Environment/ConcreteSpecularGloss.tif
  artifactKey: Guid(0cfbebd1833e31f45868e69d3da02aa3) Importer(815301076,1909f56bfc062723c751e8b465ee728b)
Start importing Assets/Unity Vehicle Tools/Textures/Environment/ConcreteSpecularGloss.tif using Guid(0cfbebd1833e31f45868e69d3da02aa3) Importer(815301076,1909f56bfc062723c751e8b465ee728b)  -> (artifact id: 'ee65296f484d9263afa670907657a97e') in 0.007658 seconds
  Import took 0.009305 seconds .

========================================================================
Received Import Request.
  Time since last request: 0.000274 seconds.
  path: Assets/ProCore/ProBuilder/Icons/Toolbar/Button_Normal.png
  artifactKey: Guid(6af07a5b23a060845a479c5b7c067034) Importer(815301076,1909f56bfc062723c751e8b465ee728b)
Start importing Assets/ProCore/ProBuilder/Icons/Toolbar/Button_Normal.png using Guid(6af07a5b23a060845a479c5b7c067034) Importer(815301076,1909f56bfc062723c751e8b465ee728b)  -> (artifact id: 'f07d522d5aa8c270de93886b56cbede7') in 0.006748 seconds
  Import took 0.008339 seconds .

========================================================================
Received Import Request.
  Time since last request: 0.000260 seconds.
  path: Assets/Unity Vehicle Tools/Textures/Environment/DirtAlbedo.tif
  artifactKey: Guid(4484adb582308dc4daa00403cb82dff7) Importer(815301076,1909f56bfc062723c751e8b465ee728b)
Start importing Assets/Unity Vehicle Tools/Textures/Environment/DirtAlbedo.tif using Guid(4484adb582308dc4daa00403cb82dff7) Importer(815301076,1909f56bfc062723c751e8b465ee728b)  -> (artifact id: 'aa056e3645f8c5ec06b0a15f98a5a7e2') in 0.008174 seconds
  Import took 0.009775 seconds .

========================================================================
Received Import Request.
  Time since last request: 1.610035 seconds.
  path: Assets/Prefabs/Terrain
  artifactKey: Guid(8ffc47483cfa4044497e2ae2868e41d0) Importer(815301076,1909f56bfc062723c751e8b465ee728b)
Start importing Assets/Prefabs/Terrain using Guid(8ffc47483cfa4044497e2ae2868e41d0) Importer(815301076,1909f56bfc062723c751e8b465ee728b)  -> (artifact id: '64bf583d2499f1ab3a178f0fb261b99f') in 0.004508 seconds
  Import took 0.006457 seconds .

========================================================================
Received Import Request.
  Time since last request: 0.000816 seconds.
  path: Assets/Prefabs/Terrain
  artifactKey: Guid(8ffc47483cfa4044497e2ae2868e41d0) Importer(815301076,1909f56bfc062723c751e8b465ee728b)
Start importing Assets/Prefabs/Terrain using Guid(8ffc47483cfa4044497e2ae2868e41d0) Importer(815301076,1909f56bfc062723c751e8b465ee728b)  -> (artifact id: '64bf583d2499f1ab3a178f0fb261b99f') in 0.001366 seconds
  Import took 0.002916 seconds .

